Sender: LSF System <lsfadmin@lt08>
Subject: Job 2211146: <preprocess> in cluster <lila> Done

Job <preprocess> was submitted from host <lu01> by user <suny4> in cluster <lila> at Tue Dec  5 01:34:41 2023
Job was executed on host(s) <2*lt08>, in queue <gpuqueue>, as user <suny4> in cluster <lila> at Tue Dec  5 01:34:42 2023
</home/suny4> was used as the home directory.
</home/suny4/courses/GeoGuessr> was used as the working directory.
Started at Tue Dec  5 01:34:42 2023
Terminated at Tue Dec  5 02:37:27 2023
Results reported at Tue Dec  5 02:37:27 2023

Your job looked like:

------------------------------------------------------------
# LSBATCH: User input
#!/bin/bash -l

#BSUB -J preprocess
#BSUB -oo preprocess.out
#BSUB -eo preprocess.err

conda activate cuda111_torch

python preprocess.py --input_dir /data/leslie/suny4/geo/world_panorama_raw/raw_data/ \
    --out_dir /data/leslie/suny4/geo/geoguessr_data/

conda deactivate

------------------------------------------------------------

Successfully completed.

Resource usage summary:

    CPU time :                                   1240.00 sec.
    Max Memory :                                 107 GB
    Average Memory :                             36.01 GB
    Total Requested Memory :                     256.00 GB
    Delta Memory :                               149.00 GB
    Max Swap :                                   -
    Max Processes :                              5
    Max Threads :                                16
    Run time :                                   3766 sec.
    Turnaround time :                            3766 sec.

The output (if any) follows:

Split training and testing data with ratio 0.8
training data: 149741, testing data: 37435
Preprocessing complete. Files saved to /data/leslie/suny4/geo/geoguessr_data/


PS:

Read file <preprocess.err> for stderr output of this job.

