Sender: LSF System <lsfadmin@lx11>
Subject: Job 1129542: <vitguessr> in cluster <lila> Exited

Job <vitguessr> was submitted from host <lilac-ln02> by user <suny4> in cluster <lila> at Tue Oct 31 21:36:40 2023
Job was executed on host(s) <2*lx11>, in queue <gpuqueue>, as user <suny4> in cluster <lila> at Tue Oct 31 23:18:25 2023
</home/suny4> was used as the home directory.
</home/suny4/courses/GeoGuessr/vit_geoguessr> was used as the working directory.
Started at Tue Oct 31 23:18:25 2023
Terminated at Thu Nov  2 11:18:26 2023
Results reported at Thu Nov  2 11:18:26 2023

Your job looked like:

------------------------------------------------------------
# LSBATCH: User input
#!/bin/bash -l

#BSUB -J vitguessr
#BSUB -oo hpc_logs/vitguessr.out
#BSUB -eo hpc_logs/vitguessr.err


conda activate cuda111_torch

python train.py --root_dir /data/leslie/suny4/geo/world_panorama/ \
    --epochs 150 --save_model ./results/ --plot_loss ./results/ --plot_map ./results/

conda deactivate

------------------------------------------------------------

TERM_RUNLIMIT: job killed after reaching LSF run time limit.
Exited with exit code 140.

Resource usage summary:

    CPU time :                                   183746.00 sec.
    Max Memory :                                 71 GB
    Average Memory :                             70.92 GB
    Total Requested Memory :                     256.00 GB
    Delta Memory :                               185.00 GB
    Max Swap :                                   -
    Max Processes :                              5
    Max Threads :                                21
    Run time :                                   129602 sec.
    Turnaround time :                            135706 sec.

The output (if any) follows:

Training with cuda
dataset_size: 187176, randomly split into train_size: 131023 and valid_size: 56153


PS:

Read file <hpc_logs/vitguessr.err> for stderr output of this job.

