Sender: LSF System <lsfadmin@lt12>
Subject: Job 2105848: <cnnguessr> in cluster <lila> Done

Job <cnnguessr> was submitted from host <lilac-ln02> by user <suny4> in cluster <lila> at Mon Nov 27 23:02:04 2023
Job was executed on host(s) <2*lt12>, in queue <gpuqueue>, as user <suny4> in cluster <lila> at Mon Nov 27 23:02:04 2023
</home/suny4> was used as the home directory.
</home/suny4/courses/GeoGuessr/cnn_geoguessr> was used as the working directory.
Started at Mon Nov 27 23:02:04 2023
Terminated at Tue Nov 28 06:50:55 2023
Results reported at Tue Nov 28 06:50:55 2023

Your job looked like:

------------------------------------------------------------
# LSBATCH: User input
#!/bin/bash -l

#BSUB -J cnnguessr
#BSUB -oo hpc_logs/cnnguessr.out
#BSUB -eo hpc_logs/cnnguessr.err

model="baseline"
epoch=100
optim="Adam"
lr="1e-3"
batch=16

conda activate cuda111_torch

python train.py --root_dir /data/leslie/suny4/geo/world_panorama/ \
    --model $model --epochs $epoch --optimizer $optim --lr $lr --batch_size $batch \
    --out_dir "./results/${model}_b${batch}_${optim}${lr}_${epoch}/" \
    --save_model

conda deactivate

------------------------------------------------------------

Successfully completed.

Resource usage summary:

    CPU time :                                   78131.00 sec.
    Max Memory :                                 71 GB
    Average Memory :                             69.86 GB
    Total Requested Memory :                     128.00 GB
    Delta Memory :                               57.00 GB
    Max Swap :                                   -
    Max Processes :                              5
    Max Threads :                                21
    Run time :                                   28131 sec.
    Turnaround time :                            28131 sec.

The output (if any) follows:

Training with cuda
dataset_size: 187176, randomly split into train_size: 131023 and valid_size: 56153
CNN baseline model created, total trainable parameters: 141010
       Range  Distances  Proportion
0     Street          1    0.000000
1       City         25    0.000000
2     Region        250    0.009528
3    Country        750    0.078838
4  Continent       2500    0.287874


PS:

Read file <hpc_logs/cnnguessr.err> for stderr output of this job.

