Sender: LSF System <lsfadmin@lu06>
Subject: Job 2407998: <cnnguessr_vgg> in cluster <lila> Done

Job <cnnguessr_vgg> was submitted from host <lilac-ln02> by user <suny4> in cluster <lila> at Sun Dec 10 15:49:31 2023
Job was executed on host(s) <2*lu06>, in queue <gpuqueue>, as user <suny4> in cluster <lila> at Sun Dec 10 15:50:03 2023
</home/suny4> was used as the home directory.
</home/suny4/courses/GeoGuessr/cnn_geoguessr> was used as the working directory.
Started at Sun Dec 10 15:50:03 2023
Terminated at Mon Dec 11 07:44:09 2023
Results reported at Mon Dec 11 07:44:09 2023

Your job looked like:

------------------------------------------------------------
# LSBATCH: User input
#!/bin/bash -l

#BSUB -J cnnguessr_vgg
#BSUB -oo hpc_logs/cnnguessr_vgg.out
#BSUB -eo hpc_logs/cnnguessr_vgg.err

model="vgg"
epoch=150
optim="Adam"
lr="5e-5"
batch=16

conda activate cuda111_torch

python train.py --input_dir /data/leslie/suny4/geo/geoguessr_data/ \
    --out_dir "./results/${model}_b${batch}_${optim}${lr}_${epoch}/" \
    --model $model --epochs $epoch --optimizer $optim --lr $lr --batch_size $batch \
    --save_model

conda deactivate

------------------------------------------------------------

Successfully completed.

Resource usage summary:

    CPU time :                                   150360.00 sec.
    Max Memory :                                 71 GB
    Average Memory :                             70.94 GB
    Total Requested Memory :                     128.00 GB
    Delta Memory :                               57.00 GB
    Max Swap :                                   -
    Max Processes :                              5
    Max Threads :                                21
    Run time :                                   57247 sec.
    Turnaround time :                            57278 sec.

The output (if any) follows:

Training with cuda

train_size: 149741 and valid_size: 37435

CNN vgg model created, total trainable parameters: 5120274

       Range  Distances  Proportion
0     Street          1    0.000000
1       City         25    0.001523
2     Region        250    0.115320
3    Country        750    0.516629
4  Continent       2500    0.848431


PS:

Read file <hpc_logs/cnnguessr_vgg.err> for stderr output of this job.

