Sender: LSF System <lsfadmin@lt03>
Subject: Job 2117202: <cnnguessr> in cluster <lila> Done

Job <cnnguessr> was submitted from host <lilac-ln02> by user <suny4> in cluster <lila> at Wed Nov 29 00:58:49 2023
Job was executed on host(s) <2*lt03>, in queue <gpuqueue>, as user <suny4> in cluster <lila> at Wed Nov 29 00:58:49 2023
</home/suny4> was used as the home directory.
</home/suny4/courses/GeoGuessr/cnn_geoguessr> was used as the working directory.
Started at Wed Nov 29 00:58:49 2023
Terminated at Thu Nov 30 01:13:06 2023
Results reported at Thu Nov 30 01:13:06 2023

Your job looked like:

------------------------------------------------------------
# LSBATCH: User input
#!/bin/bash -l

#BSUB -J cnnguessr
#BSUB -oo hpc_logs/cnnguessr_baseline.out
#BSUB -eo hpc_logs/cnnguessr_baseline.err

model="baseline"
epoch=250
optim="Adam"
lr="5e-4"
batch=16
augment="aug"

conda activate cuda111_torch

python train.py --root_dir /data/leslie/suny4/geo/world_panorama/ \
    --model $model --augment --epochs $epoch --optimizer $optim --lr $lr --batch_size $batch \
    --out_dir "./results/${model}_${augment}_b${batch}_${optim}${lr}_${epoch}/" \
    --save_model

conda deactivate

------------------------------------------------------------

Successfully completed.

Resource usage summary:

    CPU time :                                   241845.00 sec.
    Max Memory :                                 70 GB
    Average Memory :                             69.95 GB
    Total Requested Memory :                     128.00 GB
    Delta Memory :                               58.00 GB
    Max Swap :                                   -
    Max Processes :                              5
    Max Threads :                                21
    Run time :                                   87259 sec.
    Turnaround time :                            87257 sec.

The output (if any) follows:

Training with cuda
dataset_size: 187176, randomly split into train_size: 131023 and valid_size: 56153
CNN baseline model created, total trainable parameters: 131326
       Range  Distances  Proportion
0     Street          1    0.000000
1       City         25    0.000516
2     Region        250    0.045608
3    Country        750    0.308550
4  Continent       2500    0.730112


PS:

Read file <hpc_logs/cnnguessr_baseline.err> for stderr output of this job.

